[2022-03-17T16:31:54.315Z]: [info]: _________________Restarted At : Thu Mar 17 2022 16:31:54 GMT+0000_________________________ 
[2022-03-17T16:32:16.156Z]: [http]: Email Already Exists 
[2022-03-17T16:32:45.809Z]: [http]: Success 
[2022-03-17T17:08:47.711Z]: [info]: _________________Restarted At : Thu Mar 17 2022 17:08:47 GMT+0000_________________________ 
[2022-03-17T17:09:03.142Z]: [http]: Success 
[2022-03-18T07:30:23.520Z]: [info]: _________________Restarted At : Fri Mar 18 2022 07:30:23 GMT+0000_________________________ 
[2022-03-18T07:31:14.244Z]: [info]: _________________Restarted At : Fri Mar 18 2022 07:31:14 GMT+0000_________________________ 
[2022-03-18T07:31:16.138Z]: [http]: USER:4SF18CS144 Login Successful  
[2022-03-18T07:31:22.288Z]: [http]: USER:4SF18CS144 Login Unsuccessful please check credentials  
[2022-03-18T07:32:07.902Z]: [info]: _________________Restarted At : Fri Mar 18 2022 07:32:07 GMT+0000_________________________ 
[2022-03-18T07:32:11.028Z]: [http]: USER:4SF18CS144 Login Unsuccessful please check credentials  
[2022-03-18T07:33:04.094Z]: [info]: _________________Restarted At : Fri Mar 18 2022 07:33:04 GMT+0000_________________________ 
[2022-03-18T07:33:10.654Z]: [http]: USER:4SF18CS144 Login Unsuccessful please check credentials  
[2022-03-18T07:33:17.707Z]: [http]: USER: bad request missing params  
[2022-03-18T07:45:58.919Z]: [info]: _________________Restarted At : Fri Mar 18 2022 07:45:58 GMT+0000_________________________ 
[2022-03-18T07:48:57.168Z]: [info]: _________________Restarted At : Fri Mar 18 2022 07:48:57 GMT+0000_________________________ 
[2022-03-18T07:49:31.548Z]: [info]: _________________Restarted At : Fri Mar 18 2022 07:49:31 GMT+0000_________________________ 
[2022-03-18T07:51:10.336Z]: [info]: _________________Restarted At : Fri Mar 18 2022 07:51:10 GMT+0000_________________________ 
[2022-03-18T07:51:42.923Z]: [info]: _________________Restarted At : Fri Mar 18 2022 07:51:42 GMT+0000_________________________ 
[2022-03-18T07:51:46.028Z]: [http]: USER: bad request missing params  
[2022-03-18T07:52:14.833Z]: [info]: _________________Restarted At : Fri Mar 18 2022 07:52:14 GMT+0000_________________________ 
[2022-03-18T07:52:21.478Z]: [http]: USER: bad request missing params  
[2022-03-18T07:53:09.228Z]: [info]: _________________Restarted At : Fri Mar 18 2022 07:53:09 GMT+0000_________________________ 
[2022-03-18T07:53:13.087Z]: [http]: USER:4SF18CS144 Login Successful  
[2022-03-18T07:53:13.422Z]: [http]: data fetched successful 
[2022-03-18T08:56:22.500Z]: [info]: _________________Restarted At : Fri Mar 18 2022 08:56:22 GMT+0000_________________________ 
[2022-03-18T08:56:34.829Z]: [http]: USER:4SF18CS144 Login Unsuccessful please check credentials  
[2022-03-18T08:56:42.590Z]: [http]: USER:4SF18CS144 Login Successful  
[2022-03-18T08:56:56.692Z]: [info]: _________________Restarted At : Fri Mar 18 2022 08:56:56 GMT+0000_________________________ 
[2022-03-18T08:56:59.371Z]: [http]: USER:4SF18CS144 Login Successful  
[2022-03-18T08:59:12.218Z]: [info]: _________________Restarted At : Fri Mar 18 2022 08:59:12 GMT+0000_________________________ 
[2022-03-18T08:59:14.480Z]: [http]: USER:4SF18CS144 Login Successful  
[2022-03-18T08:59:19.426Z]: [http]: Email Already Exists 
[2022-03-18T08:59:29.750Z]: [http]: get successful 
[2022-03-18T08:59:32.912Z]: [http]: get successful 
[2022-03-18T08:59:35.002Z]: [http]: USER:4SF18CS144 Login Successful  
[2022-03-18T08:59:35.044Z]: [http]: data fetched successful 
[2022-04-03T07:21:44.171Z]: [info]: _________________Restarted At : Sun Apr 03 2022 07:21:44 GMT+0000_________________________ 
[2022-04-03T07:45:50.950Z]: [http]: USER:4SF18CS144 Login Unsuccessful please check credentials  
[2022-04-03T07:47:25.664Z]: [http]: USER:4SF18CS144 Login Unsuccessful please check credentials  
[2022-04-03T07:47:37.215Z]: [http]: USER:4SF18CS144 Login Unsuccessful please check credentials  
[2022-04-03T07:48:40.077Z]: [http]: USER:4SF18CS144 Login Successful  
[2022-04-03T07:48:55.448Z]: [http]: USER:4SF18CS144 Login Successful  
[2022-04-03T07:49:26.939Z]: [http]: USER:4SF18CS144 Login Successful  
[2022-04-03T09:59:32.545Z]: [http]: USER:4SF18CS144 Login Successful  
[2022-04-03T09:59:32.755Z]: [http]: USER:4SF18CS144 Login Successful  
[2022-04-03T09:59:32.836Z]: [http]: data fetched successful 
[2022-04-03T10:01:49.295Z]: [http]: USER:4SF18CS144 Login Successful  
[2022-04-03T10:01:49.467Z]: [http]: USER:4SF18CS144 Login Successful  
[2022-04-03T10:01:49.544Z]: [http]: data fetched successful 
[2022-04-03T10:08:54.326Z]: [http]: USER:4SF18CS144 Login Successful  
[2022-04-03T10:08:54.461Z]: [http]: USER:4SF18CS144 Login Successful  
[2022-04-03T10:08:54.543Z]: [http]: data fetched successful 
[2022-04-03T10:10:29.154Z]: [http]: USER:4SF18CS144 Login Successful  
[2022-04-03T10:10:29.305Z]: [http]: USER:4SF18CS144 Login Successful  
[2022-04-03T10:10:29.406Z]: [http]: data fetched successful 
[2022-04-03T10:11:02.480Z]: [http]: USER:4SF18CS144 Login Successful  
[2022-04-03T10:11:02.659Z]: [http]: USER:4SF18CS144 Login Successful  
[2022-04-03T10:11:02.756Z]: [http]: data fetched successful 
[2022-04-03T10:13:22.293Z]: [http]: USER:4SF18CS144 Login Successful  
[2022-04-03T10:13:22.674Z]: [http]: USER:4SF18CS144 Login Successful  
[2022-04-03T10:13:22.956Z]: [http]: data fetched successful 
[2022-04-03T10:20:11.718Z]: [http]: USER:4SF18CS144 Login Successful  
[2022-04-03T10:20:11.898Z]: [http]: USER:4SF18CS144 Login Successful  
[2022-04-03T10:20:11.974Z]: [http]: data fetched successful 
[2022-04-03T10:23:25.897Z]: [http]: USER:4SF18CS144 Login Successful  
[2022-04-03T10:23:26.203Z]: [http]: USER:4SF18CS144 Login Successful  
[2022-04-03T10:23:26.264Z]: [http]: data fetched successful 
[2022-04-03T10:51:50.003Z]: [http]: USER:4SF18CS144 Login Successful  
[2022-04-03T10:51:50.191Z]: [http]: USER:4SF18CS144 Login Successful  
[2022-04-03T10:51:50.292Z]: [http]: data fetched successful 
[2022-04-03T10:59:32.254Z]: [http]: USER:4SF18CS144 Login Successful  
[2022-04-03T10:59:32.423Z]: [http]: USER:4SF18CS144 Login Successful  
[2022-04-03T10:59:32.501Z]: [http]: data fetched successful 
[2022-04-03T11:02:18.608Z]: [http]: USER:4SF18CS144 Login Successful  
[2022-04-03T11:02:18.791Z]: [http]: USER:4SF18CS144 Login Successful  
[2022-04-03T11:02:18.877Z]: [http]: data fetched successful 
[2022-04-03T11:09:36.422Z]: [http]: USER:4SF18CS144 Login Successful  
[2022-04-03T11:09:36.599Z]: [http]: USER:4SF18CS144 Login Successful  
[2022-04-03T11:09:36.713Z]: [http]: data fetched successful 
[2022-04-03T11:26:54.179Z]: [http]: USER:4SF18CS144 Login Successful  
[2022-04-03T11:26:54.473Z]: [http]: USER:4SF18CS144 Login Successful  
[2022-04-03T11:26:54.562Z]: [http]: data fetched successful 
[2022-04-03T11:30:27.209Z]: [http]: USER:4SF18CS144 Login Successful  
[2022-04-03T11:30:27.401Z]: [http]: USER:4SF18CS144 Login Successful  
[2022-04-03T11:30:27.477Z]: [http]: data fetched successful 
[2022-04-03T11:30:46.759Z]: [http]: USER:4SF18CS144 Login Successful  
[2022-04-03T11:30:47.062Z]: [http]: USER:4SF18CS144 Login Successful  
[2022-04-03T11:30:47.126Z]: [http]: data fetched successful 
[2022-04-03T11:30:58.915Z]: [http]: USER:4SF18CS144 Login Successful  
[2022-04-03T11:30:59.074Z]: [http]: USER:4SF18CS144 Login Successful  
[2022-04-03T11:30:59.173Z]: [http]: data fetched successful 
[2022-04-03T11:31:21.917Z]: [http]: USER:4SF18CS144 Login Unsuccessful please check credentials  
[2022-04-03T11:31:40.267Z]: [http]: USER:4SF18CS144 Login Successful  
[2022-04-03T11:31:40.623Z]: [http]: USER:4SF18CS144 Login Successful  
[2022-04-03T11:31:40.695Z]: [http]: data fetched successful 
[2022-04-03T11:32:36.435Z]: [http]: USER:4SF18CS144 Login Successful  
[2022-04-03T11:32:36.599Z]: [http]: USER:4SF18CS144 Login Successful  
[2022-04-03T11:32:36.685Z]: [http]: data fetched successful 
[2022-04-03T11:36:13.951Z]: [http]: USER:4SF18CS144 Login Successful  
[2022-04-03T11:36:14.114Z]: [http]: USER:4SF18CS144 Login Successful  
[2022-04-03T11:36:14.196Z]: [http]: data fetched successful 
[2022-04-03T11:37:12.265Z]: [http]: USER:4SF18CS144 Login Successful  
[2022-04-03T11:37:12.441Z]: [http]: USER:4SF18CS144 Login Successful  
[2022-04-03T11:37:12.514Z]: [http]: data fetched successful 
[2022-04-03T11:42:34.934Z]: [http]: USER:4SF18CS144 Login Successful  
[2022-04-03T11:42:35.105Z]: [http]: USER:4SF18CS144 Login Successful  
[2022-04-03T11:42:35.187Z]: [http]: data fetched successful 
[2022-04-03T11:43:32.634Z]: [http]: USER:4SF18CS144 Login Successful  
[2022-04-03T11:43:32.852Z]: [http]: USER:4SF18CS144 Login Successful  
[2022-04-03T11:43:32.937Z]: [http]: data fetched successful 
[2022-04-03T11:45:46.037Z]: [http]: USER:4SF18CS144 Login Successful  
[2022-04-03T11:45:46.214Z]: [http]: USER:4SF18CS144 Login Successful  
[2022-04-03T11:45:46.286Z]: [http]: data fetched successful 
[2022-04-03T11:47:13.737Z]: [http]: USER:4SF18CS144 Login Successful  
[2022-04-03T11:47:13.896Z]: [http]: USER:4SF18CS144 Login Successful  
[2022-04-03T11:47:13.965Z]: [http]: data fetched successful 
[2022-04-03T11:48:04.189Z]: [http]: USER:4SF18CS144 Login Successful  
[2022-04-03T11:48:04.359Z]: [http]: USER:4SF18CS144 Login Successful  
[2022-04-03T11:48:04.436Z]: [http]: data fetched successful 
[2022-04-03T12:00:53.107Z]: [http]: USER:4SF18CS144 Login Successful  
[2022-04-03T12:00:53.346Z]: [http]: USER:4SF18CS144 Login Successful  
[2022-04-03T12:00:53.428Z]: [http]: data fetched successful 
[2022-04-03T12:01:53.147Z]: [http]: USER:4SF18CS144 Login Successful  
[2022-04-03T12:01:53.358Z]: [http]: USER:4SF18CS144 Login Successful  
[2022-04-03T12:01:53.437Z]: [http]: data fetched successful 
[2022-04-03T12:11:56.133Z]: [http]: USER:4SF18CS144 Login Successful  
[2022-04-03T12:11:56.402Z]: [http]: USER:4SF18CS144 Login Successful  
[2022-04-03T12:11:56.474Z]: [http]: data fetched successful 
[2022-04-03T12:14:06.456Z]: [http]: USER:4SF18CS144 Login Successful  
[2022-04-03T12:14:06.778Z]: [http]: USER:4SF18CS144 Login Successful  
[2022-04-03T12:14:06.934Z]: [http]: USER:4SF18CS144 Login Successful  
[2022-04-03T12:14:07.114Z]: [http]: USER:4SF18CS144 Login Successful  
[2022-04-03T12:14:07.194Z]: [http]: data fetched successful 
[2022-04-03T12:14:07.208Z]: [http]: data fetched successful 
[2022-04-03T12:28:07.227Z]: [http]: USER:4SF18CS144 Login Unsuccessful please check credentials  
[2022-04-03T12:28:26.967Z]: [http]: USER:4SF18CS144 Login Successful  
[2022-04-03T12:28:27.129Z]: [http]: USER:4SF18CS144 Login Successful  
[2022-04-03T12:28:27.207Z]: [http]: data fetched successful 
[2022-04-03T12:30:10.676Z]: [http]: USER:4SF18CS144 Login Successful  
[2022-04-03T12:30:10.875Z]: [http]: USER:4SF18CS144 Login Successful  
[2022-04-03T12:30:10.951Z]: [http]: data fetched successful 
[2022-04-03T12:34:25.713Z]: [http]: USER:4SF18CS144 Login Successful  
[2022-04-03T12:34:25.886Z]: [http]: USER:4SF18CS144 Login Successful  
[2022-04-03T12:34:25.955Z]: [http]: data fetched successful 
[2022-04-03T12:35:06.621Z]: [http]: USER:4SF18CS144 Login Successful  
[2022-04-03T12:35:06.816Z]: [http]: USER:4SF18CS144 Login Successful  
[2022-04-03T12:35:06.901Z]: [http]: data fetched successful 
[2022-04-03T12:36:43.193Z]: [http]: USER:4SF18CS144 Login Successful  
[2022-04-03T12:36:43.503Z]: [http]: USER:4SF18CS144 Login Successful  
[2022-04-03T12:36:43.878Z]: [http]: data fetched successful 
[2022-04-03T12:40:46.940Z]: [http]: USER:4SF18CS144 Login Successful  
[2022-04-03T12:40:47.105Z]: [http]: USER:4SF18CS144 Login Successful  
[2022-04-03T12:40:47.183Z]: [http]: data fetched successful 
[2022-04-03T12:42:28.159Z]: [http]: USER:4SF18CS144 Login Successful  
[2022-04-03T12:42:28.363Z]: [http]: USER:4SF18CS144 Login Successful  
[2022-04-03T12:42:28.450Z]: [http]: data fetched successful 
[2022-04-03T12:43:48.818Z]: [http]: USER:4SF18CS144 Login Successful  
[2022-04-03T12:43:49.091Z]: [http]: USER:4SF18CS144 Login Successful  
[2022-04-03T12:43:49.184Z]: [http]: data fetched successful 
[2022-04-03T12:44:26.304Z]: [http]: USER:4SF18CS144 Login Successful  
[2022-04-03T12:44:26.570Z]: [http]: USER:4SF18CS144 Login Successful  
[2022-04-03T12:44:26.661Z]: [http]: data fetched successful 
[2022-04-03T13:02:42.243Z]: [http]: USER:4SF18CS144 Login Successful  
[2022-04-03T13:02:42.542Z]: [http]: USER:4SF18CS144 Login Successful  
[2022-04-03T13:02:42.639Z]: [http]: data fetched successful 
[2022-04-03T13:03:02.640Z]: [http]: USER:4SF18CS144 Login Successful  
[2022-04-03T13:03:02.815Z]: [http]: USER:4SF18CS144 Login Successful  
[2022-04-03T13:03:02.893Z]: [http]: data fetched successful 
[2022-04-03T13:21:45.445Z]: [http]: USER:4SF18CS144 Login Successful  
[2022-04-03T13:21:45.680Z]: [http]: USER:4SF18CS144 Login Successful  
[2022-04-03T13:21:45.752Z]: [http]: data fetched successful 
[2022-04-03T13:40:10.774Z]: [http]: USER:4SF18CS144 Login Successful  
[2022-04-03T13:40:10.946Z]: [http]: USER:4SF18CS144 Login Successful  
[2022-04-03T13:40:11.016Z]: [http]: data fetched successful 
[2022-04-03T13:43:28.250Z]: [http]: USER:4SF18CS144 Login Successful  
[2022-04-03T13:43:28.405Z]: [http]: USER:4SF18CS144 Login Successful  
[2022-04-03T13:43:28.479Z]: [http]: data fetched successful 
[2022-04-03T13:43:45.081Z]: [http]: USER:4SF18CS144 Login Unsuccessful please check credentials  
[2022-04-03T13:43:52.681Z]: [http]: USER:4SF18CS144 Login Successful  
[2022-04-03T13:43:52.848Z]: [http]: USER:4SF18CS144 Login Successful  
[2022-04-03T13:43:52.932Z]: [http]: data fetched successful 
[2022-04-03T14:11:15.834Z]: [http]: USER:4SF18CS144 Login Successful  
[2022-04-03T14:11:16.007Z]: [http]: USER:4SF18CS144 Login Successful  
[2022-04-03T14:11:16.089Z]: [http]: data fetched successful 
[2022-04-03T14:11:41.029Z]: [http]: USER:4SF18CS144 Login Successful  
[2022-04-03T14:11:41.673Z]: [http]: USER:4SF18CS144 Login Successful  
[2022-04-03T14:11:41.922Z]: [http]: data fetched successful 
[2022-04-03T14:12:15.939Z]: [http]: USER:4SF18CS144 Login Successful  
[2022-04-03T14:12:16.114Z]: [http]: USER:4SF18CS144 Login Successful  
[2022-04-03T14:12:16.190Z]: [http]: data fetched successful 
[2022-04-03T14:12:35.501Z]: [http]: USER:4SF18CS144 Login Successful  
[2022-04-03T14:12:35.736Z]: [http]: USER:4SF18CS144 Login Successful  
[2022-04-03T14:12:35.850Z]: [http]: data fetched successful 
[2022-04-03T15:44:12.374Z]: [http]: USER:4SF18CS144 Login Successful  
[2022-04-03T15:44:12.590Z]: [http]: USER:4SF18CS144 Login Successful  
[2022-04-03T15:44:12.664Z]: [http]: data fetched successful 
[2022-04-03T15:55:33.556Z]: [http]: USER:4SF18CS144 Login Successful  
[2022-04-03T15:55:33.740Z]: [http]: USER:4SF18CS144 Login Successful  
[2022-04-03T15:55:33.815Z]: [http]: data fetched successful 
[2022-04-03T15:55:59.064Z]: [http]: USER:4SF18CS144 Login Successful  
[2022-04-03T15:55:59.382Z]: [http]: USER:4SF18CS144 Login Successful  
[2022-04-03T15:55:59.478Z]: [http]: data fetched successful 
[2022-04-03T15:59:08.991Z]: [http]: USER:4SF18CS144 Login Successful  
[2022-04-03T15:59:09.244Z]: [http]: USER:4SF18CS144 Login Successful  
[2022-04-03T15:59:09.339Z]: [http]: data fetched successful 
[2022-04-03T16:00:21.010Z]: [http]: USER:4SF18CS144 Login Successful  
[2022-04-03T16:00:21.200Z]: [http]: USER:4SF18CS144 Login Successful  
[2022-04-03T16:00:21.278Z]: [http]: data fetched successful 
[2022-04-03T16:00:40.451Z]: [http]: USER:4SF18CS144 Login Successful  
[2022-04-03T16:00:40.629Z]: [http]: USER:4SF18CS144 Login Successful  
[2022-04-03T16:00:40.730Z]: [http]: data fetched successful 
[2022-04-03T16:06:20.907Z]: [http]: USER:4SF18CS144 Login Successful  
[2022-04-03T16:06:21.076Z]: [http]: USER:4SF18CS144 Login Successful  
[2022-04-03T16:06:21.564Z]: [http]: data fetched successful 
[2022-04-03T16:06:42.219Z]: [http]: USER:4SF18CS144 Login Successful  
[2022-04-03T16:06:42.434Z]: [http]: USER:4SF18CS144 Login Successful  
[2022-04-03T16:06:42.533Z]: [http]: data fetched successful 
[2022-04-03T16:07:02.263Z]: [http]: USER:4SF18CS144 Login Successful  
[2022-04-03T16:07:02.441Z]: [http]: USER:4SF18CS144 Login Successful  
[2022-04-03T16:07:02.533Z]: [http]: data fetched successful 
[2022-04-03T16:07:42.745Z]: [http]: USER:4SF18CS144 Login Successful  
[2022-04-03T16:07:42.941Z]: [http]: USER:4SF18CS144 Login Successful  
[2022-04-03T16:07:43.034Z]: [http]: data fetched successful 
[2022-04-03T16:08:14.125Z]: [http]: USER:4SF18CS144 Login Successful  
[2022-04-03T16:08:14.300Z]: [http]: USER:4SF18CS144 Login Successful  
[2022-04-03T16:08:14.401Z]: [http]: data fetched successful 
[2022-04-03T16:08:38.711Z]: [http]: Internal Server Error 
[2022-04-03T16:09:09.929Z]: [http]: USER:4SF18CS144 Login Unsuccessful please check credentials  
[2022-04-03T16:11:49.900Z]: [http]: USER:4SF18CS144 Login Successful  
[2022-04-03T16:11:51.476Z]: [http]: USER:4SF18CS144 Login Successful  
[2022-04-03T16:11:51.552Z]: [http]: data fetched successful 
[2022-04-03T16:15:48.276Z]: [info]: _________________Restarted At : Sun Apr 03 2022 16:15:48 GMT+0000_________________________ 
[2022-04-03T16:16:18.271Z]: [http]: Either User name or password is not right ! 
[2022-04-03T16:21:42.669Z]: [http]: Either User name or password is not right ! 
[2022-04-03T16:22:10.785Z]: [http]: Either User name or password is not right ! 
[2022-04-03T16:22:23.570Z]: [http]: Either User name or password is not right ! 
[2022-04-03T16:23:59.526Z]: [http]: Either User name or password is not right ! 
[2022-04-03T16:24:21.706Z]: [http]: Either User name or password is not right ! 
[2022-04-03T16:24:24.666Z]: [http]: Either User name or password is not right ! 
[2022-04-03T16:26:24.100Z]: [http]: Either User name or password is not right ! 
[2022-04-03T16:26:29.806Z]: [http]: Either User name or password is not right ! 
[2022-04-03T16:26:35.356Z]: [http]: Either User name or password is not right ! 
[2022-04-03T16:29:28.070Z]: [http]: Either User name or password is not right ! 
[2022-04-03T16:30:43.650Z]: [http]: Either User name or password is not right ! 
[2022-04-04T02:38:09.576Z]: [info]: _________________Restarted At : Mon Apr 04 2022 02:38:09 GMT+0000_________________________ 
[2022-04-04T02:38:35.563Z]: [http]: USER:4SF18CS144 Login Successful  
[2022-04-04T02:38:35.766Z]: [http]: USER:4SF18CS144 Login Successful  
[2022-04-04T02:38:35.849Z]: [http]: data fetched successful 
[2022-04-04T02:39:26.767Z]: [http]: USER:4SF18CS144 Login Successful  
[2022-04-04T02:39:26.939Z]: [http]: USER:4SF18CS144 Login Successful  
[2022-04-04T02:39:27.012Z]: [http]: data fetched successful 
[2022-04-04T02:39:53.040Z]: [http]: USER:4SF18CS144 Login Successful  
[2022-04-04T02:39:53.228Z]: [http]: USER:4SF18CS144 Login Successful  
[2022-04-04T02:39:53.302Z]: [http]: data fetched successful 
[2022-04-04T02:42:02.739Z]: [http]: USER:4SF18CS144 Login Successful  
[2022-04-04T02:42:02.925Z]: [http]: USER:4SF18CS144 Login Successful  
[2022-04-04T02:42:03.003Z]: [http]: data fetched successful 
[2022-04-04T05:29:43.487Z]: [info]: _________________Restarted At : Mon Apr 04 2022 05:29:43 GMT+0000_________________________ 
[2022-04-04T05:30:20.278Z]: [http]: USER:4SF18CS144 Login Successful  
[2022-04-04T05:30:20.493Z]: [http]: USER:4SF18CS144 Login Successful  
[2022-04-04T05:30:20.541Z]: [http]: data fetched successful 
[2022-04-04T05:30:50.088Z]: [http]: USER:4SF18CS144 Login Successful  
[2022-04-04T05:30:50.243Z]: [http]: USER:4SF18CS144 Login Successful  
[2022-04-04T05:30:50.294Z]: [http]: data fetched successful 
[2022-04-04T05:30:58.701Z]: [http]: USER:4SF18CS144 Login Successful  
[2022-04-04T05:30:58.843Z]: [http]: USER:4SF18CS144 Login Successful  
[2022-04-04T05:30:58.893Z]: [http]: data fetched successful 
[2022-04-04T05:39:16.760Z]: [http]: USER:4SF18CS144 Login Unsuccessful please check credentials  
[2022-04-04T05:39:31.446Z]: [http]: USER:4SF18CS144 Login Successful  
[2022-04-04T05:39:31.593Z]: [http]: USER:4SF18CS144 Login Successful  
[2022-04-04T05:39:31.640Z]: [http]: data fetched successful 
[2022-04-05T08:46:29.074Z]: [info]: _________________Restarted At : Tue Apr 05 2022 08:46:29 GMT+0000_________________________ 
[2022-04-05T08:46:53.111Z]: [http]: USER:4SF18CS144 Login Successful  
[2022-04-05T08:46:53.286Z]: [http]: USER:4SF18CS144 Login Successful  
[2022-04-05T08:46:53.365Z]: [http]: data fetched successful 
[2022-04-05T08:48:51.982Z]: [http]: USER:4SF18CS144 Login Successful  
[2022-04-05T08:48:52.374Z]: [http]: USER:4SF18CS144 Login Successful  
[2022-04-05T08:48:52.713Z]: [http]: data fetched successful 
[2022-04-05T08:51:40.077Z]: [http]: USER:4SF18CS144 Login Successful  
[2022-04-05T08:51:40.245Z]: [http]: USER:4SF18CS144 Login Successful  
[2022-04-05T08:51:40.337Z]: [http]: data fetched successful 
[2022-04-05T08:59:41.657Z]: [http]: USER:4SF18CS144 Login Successful  
[2022-04-05T08:59:41.831Z]: [http]: USER:4SF18CS144 Login Successful  
[2022-04-05T08:59:41.918Z]: [http]: data fetched successful 
[2022-04-05T09:01:21.130Z]: [http]: USER:4SF18CS144 Login Successful  
[2022-04-05T09:01:21.322Z]: [http]: USER:4SF18CS144 Login Successful  
[2022-04-05T09:01:21.409Z]: [http]: data fetched successful 
[2022-04-05T09:06:27.737Z]: [http]: USER:4SF18CS144 Login Successful  
[2022-04-05T09:06:28.822Z]: [http]: USER:4SF18CS144 Login Successful  
[2022-04-05T09:06:29.125Z]: [http]: data fetched successful 
[2022-04-05T09:16:17.649Z]: [http]: USER:4SF18CS144 Login Successful  
[2022-04-05T09:16:17.813Z]: [http]: USER:4SF18CS144 Login Successful  
[2022-04-05T09:16:17.904Z]: [http]: data fetched successful 
[2022-04-05T10:23:59.245Z]: [http]: USER:4SF18CS144 Login Successful  
[2022-04-05T10:23:59.601Z]: [http]: USER:4SF18CS144 Login Successful  
[2022-04-05T10:23:59.660Z]: [http]: data fetched successful 
[2022-04-05T10:24:13.777Z]: [http]: USER:4SF18CS144 Login Successful  
[2022-04-05T10:24:13.949Z]: [http]: USER:4SF18CS144 Login Successful  
[2022-04-05T10:24:14.052Z]: [http]: data fetched successful 
[2022-04-05T13:30:05.943Z]: [http]: USER:4SF18CS144 Login Successful  
[2022-04-05T13:30:06.211Z]: [http]: USER:4SF18CS144 Login Successful  
[2022-04-05T13:30:06.290Z]: [http]: data fetched successful 
[2022-04-05T13:30:51.855Z]: [http]: USER:4SF18CS144 Login Unsuccessful please check credentials  
[2022-04-05T13:30:56.237Z]: [http]: USER:4SF18CS144 Login Successful  
[2022-04-05T13:30:56.398Z]: [http]: USER:4SF18CS144 Login Successful  
[2022-04-05T13:30:56.470Z]: [http]: data fetched successful 
[2022-04-05T16:03:10.825Z]: [info]: _________________Restarted At : Tue Apr 05 2022 16:03:10 GMT+0000_________________________ 
[2022-04-05T16:03:18.615Z]: [http]: USER:4SF18CS144 Login Successful  
[2022-04-05T16:03:18.793Z]: [http]: USER:4SF18CS144 Login Successful  
[2022-04-05T16:03:18.873Z]: [http]: data fetched successful 
[2022-04-05T16:11:28.437Z]: [info]: _________________Restarted At : Tue Apr 05 2022 16:11:28 GMT+0000_________________________ 
[2022-04-06T01:08:40.315Z]: [http]: USER:4SF18CS144 Login Successful  
[2022-04-06T01:08:40.625Z]: [http]: USER:4SF18CS144 Login Successful  
[2022-04-06T01:08:40.707Z]: [http]: data fetched successful 
[2022-04-06T01:10:57.221Z]: [http]: USER:4SF18CS144 Login Successful  
[2022-04-06T01:10:57.529Z]: [http]: USER:4SF18CS144 Login Successful  
[2022-04-06T01:10:57.620Z]: [http]: data fetched successful 
[2022-04-06T01:11:53.407Z]: [http]: USER:4SF18CS144 Login Successful  
[2022-04-06T01:11:53.717Z]: [http]: USER:4SF18CS144 Login Successful  
[2022-04-06T01:11:53.803Z]: [http]: data fetched successful 
[2022-04-06T01:13:43.329Z]: [http]: USER:4SF18CS144 Login Successful  
[2022-04-06T01:13:43.637Z]: [http]: USER:4SF18CS144 Login Successful  
[2022-04-06T01:13:43.715Z]: [http]: data fetched successful 
[2022-04-06T01:15:48.284Z]: [http]: USER:4SF18CS144 Login Successful  
[2022-04-06T01:15:48.590Z]: [http]: USER:4SF18CS144 Login Successful  
[2022-04-06T01:15:48.699Z]: [http]: data fetched successful 
[2022-04-06T01:16:12.889Z]: [http]: USER:4SF18CS144 Login Successful  
[2022-04-06T01:16:13.180Z]: [http]: USER:4SF18CS144 Login Successful  
[2022-04-06T01:16:13.270Z]: [http]: data fetched successful 
[2022-04-06T01:19:45.263Z]: [http]: USER:4SF18CS144 Login Successful  
[2022-04-06T01:19:45.571Z]: [http]: USER:4SF18CS144 Login Successful  
[2022-04-06T01:19:45.660Z]: [http]: data fetched successful 
[2022-04-06T01:21:33.327Z]: [http]: USER:4SF18CS144 Login Successful  
[2022-04-06T01:21:33.642Z]: [http]: USER:4SF18CS144 Login Successful  
[2022-04-06T01:21:33.727Z]: [http]: data fetched successful 
[2022-04-06T01:22:23.404Z]: [http]: USER:4SF18CS144 Login Successful  
[2022-04-06T01:22:23.690Z]: [http]: USER:4SF18CS144 Login Successful  
[2022-04-06T01:22:23.766Z]: [http]: data fetched successful 
[2022-04-06T01:24:59.176Z]: [http]: USER:4SF18CS144 Login Successful  
[2022-04-06T01:24:59.460Z]: [http]: USER:4SF18CS144 Login Successful  
[2022-04-06T01:24:59.546Z]: [http]: data fetched successful 
[2022-04-06T01:50:57.360Z]: [http]: USER:4SF18CS144 Login Unsuccessful please check credentials  
[2022-04-06T05:04:41.411Z]: [http]: USER:4SF18CS144 Login Unsuccessful please check credentials  
[2022-04-06T05:04:48.132Z]: [http]: USER:4SF18CS144 Login Successful  
[2022-04-06T05:04:48.299Z]: [http]: USER:4SF18CS144 Login Successful  
[2022-04-06T05:04:48.373Z]: [http]: data fetched successful 
[2022-04-06T05:11:06.251Z]: [http]: USER:4SF18CS144 Login Successful  
[2022-04-06T05:11:06.423Z]: [http]: USER:4SF18CS144 Login Successful  
[2022-04-06T05:11:06.500Z]: [http]: data fetched successful 
[2022-04-06T05:34:09.224Z]: [http]: USER:4SF18CS144 Login Successful  
[2022-04-06T05:34:09.422Z]: [http]: USER:4SF18CS144 Login Successful  
[2022-04-06T05:34:09.499Z]: [http]: data fetched successful 
[2022-04-06T05:35:43.911Z]: [http]: USER:4SF18CS144 Login Successful  
[2022-04-06T05:35:44.088Z]: [http]: USER:4SF18CS144 Login Successful  
[2022-04-06T05:35:44.161Z]: [http]: data fetched successful 
[2022-04-06T05:37:15.464Z]: [http]: USER:4SF18CS144 Login Successful  
[2022-04-06T05:37:15.675Z]: [http]: USER:4SF18CS144 Login Successful  
[2022-04-06T05:37:15.766Z]: [http]: data fetched successful 
[2022-04-06T05:41:05.432Z]: [http]: USER:4SF18CS144 Login Successful  
[2022-04-06T05:41:05.612Z]: [http]: USER:4SF18CS144 Login Successful  
[2022-04-06T05:41:05.698Z]: [http]: data fetched successful 
[2022-04-06T05:41:46.778Z]: [http]: USER:4SF18CS144 Login Successful  
[2022-04-06T05:41:46.954Z]: [http]: USER:4SF18CS144 Login Successful  
[2022-04-06T05:41:47.019Z]: [http]: data fetched successful 
[2022-04-06T05:42:20.282Z]: [http]: USER:4SF18CS144 Login Successful  
[2022-04-06T05:42:20.455Z]: [http]: USER:4SF18CS144 Login Successful  
[2022-04-06T05:42:20.531Z]: [http]: data fetched successful 
[2022-04-06T05:43:30.616Z]: [http]: USER:4SF18CS144 Login Successful  
[2022-04-06T05:43:30.796Z]: [http]: USER:4SF18CS144 Login Successful  
[2022-04-06T05:43:30.880Z]: [http]: data fetched successful 
[2022-04-06T05:45:07.187Z]: [http]: USER:4SF18CS144 Login Successful  
[2022-04-06T05:45:07.349Z]: [http]: USER:4SF18CS144 Login Successful  
[2022-04-06T05:45:07.446Z]: [http]: data fetched successful 
[2022-04-06T05:48:26.486Z]: [http]: USER:4SF18CS144 Login Successful  
[2022-04-06T05:48:26.790Z]: [http]: USER:4SF18CS144 Login Successful  
[2022-04-06T05:48:26.984Z]: [http]: data fetched successful 
[2022-04-06T05:51:35.006Z]: [http]: USER:4SF18CS144 Login Successful  
[2022-04-06T05:51:35.179Z]: [http]: USER:4SF18CS144 Login Successful  
[2022-04-06T05:51:35.259Z]: [http]: data fetched successful 
[2022-04-06T05:54:20.859Z]: [http]: USER:4SF18CS144 Login Successful  
[2022-04-06T05:54:21.094Z]: [http]: USER:4SF18CS144 Login Successful  
[2022-04-06T05:54:21.209Z]: [http]: data fetched successful 
[2022-04-06T09:36:48.585Z]: [http]: USER:4SF18CS144 Login Successful  
[2022-04-06T09:36:48.840Z]: [http]: USER:4SF18CS144 Login Successful  
[2022-04-06T09:36:48.956Z]: [http]: data fetched successful 
[2022-04-06T09:38:22.683Z]: [http]: USER:4SF18CS144 Login Successful  
[2022-04-06T09:38:22.854Z]: [http]: USER:4SF18CS144 Login Successful  
[2022-04-06T09:38:22.951Z]: [http]: data fetched successful 
[2022-04-06T09:39:09.743Z]: [http]: USER:4SF18CS144 Login Successful  
[2022-04-06T09:39:09.932Z]: [http]: USER:4SF18CS144 Login Successful  
[2022-04-06T09:39:10.030Z]: [http]: data fetched successful 
[2022-04-06T09:47:09.454Z]: [http]: USER:4SF18CS144 Login Successful  
[2022-04-06T09:47:09.658Z]: [http]: USER:4SF18CS144 Login Successful  
[2022-04-06T09:47:09.745Z]: [http]: data fetched successful 
[2022-04-06T09:50:02.244Z]: [http]: USER:4SF18CS144 Login Successful  
[2022-04-06T09:50:02.420Z]: [http]: USER:4SF18CS144 Login Successful  
[2022-04-06T09:50:02.509Z]: [http]: data fetched successful 
[2022-04-06T09:57:14.534Z]: [http]: USER:4SF18CS144 Login Successful  
[2022-04-06T09:57:14.718Z]: [http]: USER:4SF18CS144 Login Successful  
[2022-04-06T09:57:14.808Z]: [http]: data fetched successful 
[2022-04-06T09:58:07.108Z]: [http]: USER:4SF18CS144 Login Successful  
[2022-04-06T09:58:07.291Z]: [http]: USER:4SF18CS144 Login Successful  
[2022-04-06T09:58:07.389Z]: [http]: data fetched successful 
[2022-04-06T09:59:07.909Z]: [http]: USER:4SF18CS144 Login Successful  
[2022-04-06T09:59:08.080Z]: [http]: USER:4SF18CS144 Login Successful  
[2022-04-06T09:59:08.169Z]: [http]: data fetched successful 
[2022-04-06T10:00:33.017Z]: [http]: USER:4SF18CS144 Login Successful  
[2022-04-06T10:00:33.234Z]: [http]: USER:4SF18CS144 Login Successful  
[2022-04-06T10:00:33.344Z]: [http]: data fetched successful 
[2022-04-06T10:01:02.877Z]: [http]: USER:4SF18CS144 Login Successful  
[2022-04-06T10:01:03.056Z]: [http]: USER:4SF18CS144 Login Successful  
[2022-04-06T10:01:03.135Z]: [http]: data fetched successful 
[2022-04-06T10:02:04.849Z]: [http]: USER:4SF18CS144 Login Successful  
[2022-04-06T10:02:05.006Z]: [http]: USER:4SF18CS144 Login Successful  
[2022-04-06T10:02:05.076Z]: [http]: data fetched successful 
[2022-04-06T10:03:06.449Z]: [http]: USER:4SF18CS144 Login Successful  
[2022-04-06T10:03:06.624Z]: [http]: USER:4SF18CS144 Login Successful  
[2022-04-06T10:03:06.727Z]: [http]: data fetched successful 
[2022-04-06T10:04:23.490Z]: [http]: USER:4SF18CS144 Login Successful  
[2022-04-06T10:04:23.641Z]: [http]: USER:4SF18CS144 Login Successful  
[2022-04-06T10:04:23.718Z]: [http]: data fetched successful 
[2022-04-06T10:05:21.253Z]: [http]: USER:4SF18CS144 Login Successful  
[2022-04-06T10:05:21.425Z]: [http]: USER:4SF18CS144 Login Successful  
[2022-04-06T10:05:21.517Z]: [http]: data fetched successful 
[2022-04-06T10:06:01.422Z]: [http]: USER:4SF18CS144 Login Successful  
[2022-04-06T10:06:01.631Z]: [http]: USER:4SF18CS144 Login Successful  
[2022-04-06T10:06:01.737Z]: [http]: data fetched successful 
[2022-04-06T10:06:51.349Z]: [http]: USER:4SF18CS144 Login Successful  
[2022-04-06T10:06:51.550Z]: [http]: USER:4SF18CS144 Login Successful  
[2022-04-06T10:06:51.635Z]: [http]: data fetched successful 
[2022-04-06T11:28:06.038Z]: [http]: USER:4SF18CS144 Login Successful  
[2022-04-06T11:28:06.209Z]: [http]: USER:4SF18CS144 Login Successful  
[2022-04-06T11:28:06.282Z]: [http]: data fetched successful 
[2022-04-06T13:08:26.032Z]: [http]: USER:4SF18CS144 Login Successful  
[2022-04-06T13:08:26.203Z]: [http]: USER:4SF18CS144 Login Successful  
[2022-04-06T13:08:26.285Z]: [http]: data fetched successful 
[2022-04-06T13:08:49.312Z]: [http]: USER:4SF18CS144 Login Successful  
[2022-04-06T13:08:49.489Z]: [http]: USER:4SF18CS144 Login Successful  
[2022-04-06T13:08:49.575Z]: [http]: data fetched successful 
[2022-04-06T13:09:28.822Z]: [http]: USER:4SF18CS144 Login Successful  
[2022-04-06T13:09:28.997Z]: [http]: USER:4SF18CS144 Login Successful  
[2022-04-06T13:09:29.076Z]: [http]: data fetched successful 
[2022-04-06T13:10:39.771Z]: [http]: USER:4SF18CS144 Login Unsuccessful please check credentials  
[2022-04-06T13:10:49.779Z]: [http]: USER:4SF18CS144 Login Successful  
[2022-04-06T13:10:49.965Z]: [http]: USER:4SF18CS144 Login Successful  
[2022-04-06T13:10:50.054Z]: [http]: data fetched successful 
[2022-04-06T13:11:19.195Z]: [http]: USER:4SF18CS144 Login Successful  
[2022-04-06T13:11:19.376Z]: [http]: USER:4SF18CS144 Login Successful  
[2022-04-06T13:11:19.456Z]: [http]: data fetched successful 
[2022-04-06T13:11:42.681Z]: [http]: USER:4SF18CS144 Login Successful  
[2022-04-06T13:11:42.871Z]: [http]: USER:4SF18CS144 Login Successful  
[2022-04-06T13:11:42.956Z]: [http]: data fetched successful 
[2022-04-06T13:19:08.833Z]: [http]: USER:4SF18CS144 Login Successful  
[2022-04-06T13:19:09.006Z]: [http]: USER:4SF18CS144 Login Successful  
[2022-04-06T13:19:09.076Z]: [http]: data fetched successful 
[2022-04-06T13:23:33.191Z]: [http]: USER:4SF18CS144 Login Successful  
[2022-04-06T13:23:33.365Z]: [http]: USER:4SF18CS144 Login Successful  
[2022-04-06T13:23:33.433Z]: [http]: data fetched successful 
[2022-04-06T13:23:55.562Z]: [http]: USER:4SF18CS144 Login Successful  
[2022-04-06T13:23:55.743Z]: [http]: USER:4SF18CS144 Login Successful  
[2022-04-06T13:23:55.826Z]: [http]: data fetched successful 
[2022-04-06T13:26:05.554Z]: [http]: USER:4SF18CS144 Login Successful  
[2022-04-06T13:26:05.734Z]: [http]: USER:4SF18CS144 Login Successful  
[2022-04-06T13:26:05.815Z]: [http]: data fetched successful 
[2022-04-06T13:27:16.425Z]: [http]: USER:4SF18CS144 Login Successful  
[2022-04-06T13:27:16.603Z]: [http]: USER:4SF18CS144 Login Successful  
[2022-04-06T13:27:16.683Z]: [http]: data fetched successful 
[2022-04-06T13:28:45.335Z]: [http]: USER:4SF18CS144 Login Successful  
[2022-04-06T13:28:45.518Z]: [http]: USER:4SF18CS144 Login Successful  
[2022-04-06T13:28:45.587Z]: [http]: data fetched successful 
[2022-04-06T13:29:37.771Z]: [http]: USER:4SF18CS144 Login Successful  
[2022-04-06T13:29:37.947Z]: [http]: USER:4SF18CS144 Login Successful  
[2022-04-06T13:29:38.037Z]: [http]: data fetched successful 
[2022-04-06T13:32:25.608Z]: [http]: USER:4SF18CS144 Login Successful  
[2022-04-06T13:32:25.774Z]: [http]: USER:4SF18CS144 Login Successful  
[2022-04-06T13:32:25.847Z]: [http]: data fetched successful 
[2022-04-06T13:33:03.026Z]: [http]: USER:4SF18CS144 Login Successful  
[2022-04-06T13:33:03.203Z]: [http]: USER:4SF18CS144 Login Successful  
[2022-04-06T13:33:03.284Z]: [http]: data fetched successful 
[2022-04-06T16:55:10.931Z]: [http]: USER:4SF18CS144 Login Successful  
[2022-04-06T16:55:11.158Z]: [http]: USER:4SF18CS144 Login Successful  
[2022-04-06T16:55:11.205Z]: [http]: data fetched successful 
[2022-04-08T05:02:49.587Z]: [info]: _________________Restarted At : Fri Apr 08 2022 05:02:49 GMT+0000_________________________ 
