[2022-09-21T18:10:26.523Z]: [info]: _________________Restarted At : Wed Sep 21 2022 18:10:26 GMT+0000_________________________ 
[2022-09-21T18:10:31.819Z]: [http]: USER:4SF18CS144 Login Successful  
[2022-09-21T18:10:31.821Z]: [debug]: [object Object] 
[2022-09-21T18:23:01.400Z]: [http]: USER:4SF18CS144 Login Successful  
[2022-09-21T18:23:01.401Z]: [debug]: [object Object] 
[2022-09-21T18:23:08.290Z]: [http]: Login Unsuccessful  
[2022-09-21T18:23:08.292Z]: [debug]: [object Object] 
[2022-09-21T18:24:40.424Z]: [info]: _________________Restarted At : Wed Sep 21 2022 18:24:40 GMT+0000_________________________ 
[2022-09-21T18:24:47.266Z]: [http]: USER:4SF18CS144 Login Successful  
[2022-09-21T18:24:47.270Z]: [debug]: [object Object] 
[2022-09-21T18:25:10.275Z]: [http]: Login Unsuccessful  
[2022-09-21T18:25:10.279Z]: [debug]: [object Object] 
[2022-09-21T18:27:21.172Z]: [info]: _________________Restarted At : Wed Sep 21 2022 18:27:21 GMT+0000_________________________ 
[2022-09-21T18:27:39.658Z]: [info]: _________________Restarted At : Wed Sep 21 2022 18:27:39 GMT+0000_________________________ 
[2022-09-21T18:27:47.955Z]: [http]: Login Unsuccessful  
[2022-09-21T18:27:47.960Z]: [debug]: [object Object] 
[2022-09-21T18:28:18.898Z]: [info]: _________________Restarted At : Wed Sep 21 2022 18:28:18 GMT+0000_________________________ 
[2022-09-21T18:28:51.807Z]: [http]: Login Unsuccessful  
[2022-09-21T18:28:51.825Z]: [debug]: [object Object] 
[2022-09-21T18:41:43.946Z]: [http]: USER:4SF18CS144 Login Successful  
[2022-09-21T18:41:43.947Z]: [debug]: [object Object] 
[2022-09-21T18:46:24.179Z]: [info]: _________________Restarted At : Wed Sep 21 2022 18:46:24 GMT+0000_________________________ 
[2022-09-21T18:46:33.227Z]: [info]: _________________Restarted At : Wed Sep 21 2022 18:46:33 GMT+0000_________________________ 
[2022-09-21T18:46:50.817Z]: [info]: _________________Restarted At : Wed Sep 21 2022 18:46:50 GMT+0000_________________________ 
[2022-09-21T18:47:01.706Z]: [info]: _________________Restarted At : Wed Sep 21 2022 18:47:01 GMT+0000_________________________ 
[2022-09-21T18:49:06.233Z]: [info]: _________________Restarted At : Wed Sep 21 2022 18:49:06 GMT+0000_________________________ 
[2022-09-21T18:50:13.235Z]: [http]: USER:4SF18CS144 Login Successful  
[2022-09-21T18:50:13.236Z]: [debug]: [object Object] 
[2022-09-21T18:50:27.762Z]: [http]: Login Unsuccessful  
[2022-09-21T18:50:27.766Z]: [debug]: [object Object] 
[2022-09-21T18:51:25.914Z]: [http]: Login Unsuccessful  
[2022-09-21T18:51:25.917Z]: [debug]: [object Object] 
[2022-09-21T18:51:56.125Z]: [info]: _________________Restarted At : Wed Sep 21 2022 18:51:56 GMT+0000_________________________ 
[2022-09-21T18:51:58.413Z]: [http]: Login Unsuccessful  
[2022-09-21T18:51:58.424Z]: [debug]: [object Object] 
[2022-09-21T18:52:15.473Z]: [info]: _________________Restarted At : Wed Sep 21 2022 18:52:15 GMT+0000_________________________ 
[2022-09-21T18:52:18.803Z]: [http]: data fetched successful 
[2022-09-21T18:52:18.804Z]: [debug]: [object Object] 
